2026-04-02 20:21:19 | INFO    | STEP 01 | Start legend color extraction
2026-04-02 20:21:19 | INFO    | STEP 01 | PDF: examples\Joal 502.pdf
2026-04-02 20:21:19 | INFO    | STEP 01 | Outdir: outputs\legend_colors
2026-04-02 20:21:19 | INFO    | STEP 02 | Page=1 lines=262 drawings=5870
2026-04-02 20:21:19 | INFO    | STEP 03 | Legend region bbox=[16.241191864013672, 11.762176513671875, 314.2915916442871, 296.7761764526367]
2026-04-02 20:21:19 | INFO    | STEP 03 | Proposed legend entries=12
2026-04-02 20:21:19 | INFO    | STEP 04 | Candidate swatch rectangles after dedupe=2503
2026-04-02 20:21:19 | WARNING | STEP 05 | No swatch matched for legend text: PROPOSED LOT
BOUNDARY
2026-04-02 20:21:19 | WARNING | STEP 05 | No swatch matched for legend text: PROPOSED CONTOUR
MINOR
2026-04-02 20:21:19 | WARNING | STEP 05 | No swatch matched for legend text: PROPOSED CONTOUR
MAJOR
2026-04-02 20:21:19 | WARNING | STEP 05 | No swatch matched for legend text: PROPOSED STORMWATER
PIPE
2026-04-02 20:21:19 | WARNING | STEP 05 | No swatch matched for legend text: PROPOSED STORMWATER
MANHOLE
2026-04-02 20:21:19 | WARNING | STEP 05 | No swatch matched for legend text: PROPOSED STORMWATER
CATCHPIT
2026-04-02 20:21:19 | WARNING | STEP 05 | No swatch matched for legend text: PROPOSED STORMWATER
OUTFALL
2026-04-02 20:21:19 | INFO    | STEP 05 | Matched 'PROPOSED ROCKLINED
DRAIN' -> fill=#A5527C stroke=None bbox=[36.2400016784668, 105.47958374023438, 76.55999755859375, 109.4395751953125]
2026-04-02 20:21:19 | WARNING | STEP 05 | No swatch matched for legend text: PROPOSED FLOW
PATH
2026-04-02 20:21:19 | INFO    | STEP 05 | Matched 'PROPOSED SEAL' -> fill=#5C5C5C stroke=None bbox=[36.720001220703125, 123.35958862304688, 76.55999755859375, 127.319580078125]
2026-04-02 20:21:19 | INFO    | STEP 05 | Matched 'PROPOSED JOAL' -> fill=#ADADAD stroke=None bbox=[36.720001220703125, 129.35958862304688, 76.55999755859375, 133.319580078125]
2026-04-02 20:21:19 | INFO    | STEP 05 | Matched 'PROPOSED FOOTPATH' -> fill=#CCCCCC stroke=None bbox=[36.720001220703125, 135.35958862304688, 76.55999755859375, 139.319580078125]
2026-04-02 20:21:19 | INFO    | STEP 06 | Counting page-wide drawing objects by extracted legend colors
2026-04-02 20:21:19 | INFO    | STEP 07 | Rendering legend annotation image
2026-04-02 20:21:19 | INFO    | STEP 08 | Done
2026-04-02 20:21:19 | INFO    | STEP 08 | JSON: outputs\legend_colors\legend_colors.json
2026-04-02 20:21:19 | INFO    | STEP 08 | LOG: outputs\legend_colors\run.log
2026-04-02 20:23:42 | INFO    | STEP 01 | Start legend color extraction
2026-04-02 20:23:42 | INFO    | STEP 01 | PDF: examples\Joal 502.pdf
2026-04-02 20:23:42 | INFO    | STEP 01 | Outdir: outputs\legend_colors
2026-04-02 20:23:42 | INFO    | STEP 02 | Page=1 lines=262 drawings=5870
2026-04-02 20:23:42 | INFO    | STEP 03 | Legend region bbox=[16.241191864013672, 11.762176513671875, 314.2915916442871, 296.7761764526367]
2026-04-02 20:23:42 | INFO    | STEP 03 | Proposed legend entries=12
2026-04-02 20:23:42 | INFO    | STEP 04 | Candidate swatch rectangles after dedupe=2503
2026-04-02 20:23:42 | WARNING | STEP 05 | No swatch matched for legend text: PROPOSED LOT
BOUNDARY
2026-04-02 20:23:42 | WARNING | STEP 05 | No swatch matched for legend text: PROPOSED CONTOUR
MINOR
2026-04-02 20:23:42 | WARNING | STEP 05 | No swatch matched for legend text: PROPOSED CONTOUR
MAJOR
2026-04-02 20:23:42 | WARNING | STEP 05 | No swatch matched for legend text: PROPOSED STORMWATER
PIPE
2026-04-02 20:23:42 | WARNING | STEP 05 | No swatch matched for legend text: PROPOSED STORMWATER
MANHOLE
2026-04-02 20:23:42 | WARNING | STEP 05 | No swatch matched for legend text: PROPOSED STORMWATER
CATCHPIT
2026-04-02 20:23:42 | WARNING | STEP 05 | No swatch matched for legend text: PROPOSED STORMWATER
OUTFALL
2026-04-02 20:23:42 | INFO    | STEP 05 | Matched 'PROPOSED ROCKLINED
DRAIN' -> fill=#A5527C stroke=None bbox=[36.2400016784668, 105.47958374023438, 76.55999755859375, 109.4395751953125]
2026-04-02 20:23:42 | WARNING | STEP 05 | No swatch matched for legend text: PROPOSED FLOW
PATH
2026-04-02 20:23:42 | INFO    | STEP 05 | Matched 'PROPOSED SEAL' -> fill=#5C5C5C stroke=None bbox=[36.720001220703125, 123.35958862304688, 76.55999755859375, 127.319580078125]
2026-04-02 20:23:42 | INFO    | STEP 05 | Matched 'PROPOSED JOAL' -> fill=#ADADAD stroke=None bbox=[36.720001220703125, 129.35958862304688, 76.55999755859375, 133.319580078125]
2026-04-02 20:23:42 | INFO    | STEP 05 | Matched 'PROPOSED FOOTPATH' -> fill=#CCCCCC stroke=None bbox=[36.720001220703125, 135.35958862304688, 76.55999755859375, 139.319580078125]
2026-04-02 20:23:42 | INFO    | STEP 06 | Counting page-wide drawing objects by extracted legend colors
2026-04-02 20:23:42 | INFO    | STEP 07 | Rendering legend annotation image
2026-04-02 20:23:43 | INFO    | STEP 07A | Rendering target magenta highlight images
2026-04-02 20:23:43 | INFO    | STEP 07A | Saved page_legend_highlight_proposed_footpath.png (matched=712)
2026-04-02 20:23:43 | INFO    | STEP 07A | Saved page_legend_highlight_proposed_joal.png (matched=192)
2026-04-02 20:23:43 | INFO    | STEP 07A | Saved page_legend_highlight_proposed_seal.png (matched=1)
2026-04-02 20:23:43 | INFO    | STEP 08 | Done
2026-04-02 20:23:43 | INFO    | STEP 08 | JSON: outputs\legend_colors\legend_colors.json
2026-04-02 20:23:43 | INFO    | STEP 08 | LOG: outputs\legend_colors\run.log
2026-04-02 20:27:46 | INFO    | STEP 01 | Start legend color extraction
2026-04-02 20:27:46 | INFO    | STEP 01 | PDF: examples\Joal 502.pdf
2026-04-02 20:27:46 | INFO    | STEP 01 | Outdir: outputs\legend_colors
2026-04-02 20:27:46 | INFO    | STEP 02 | Page=1 lines=262 drawings=5870
2026-04-02 20:27:46 | INFO    | STEP 03 | Legend region bbox=[16.241191864013672, 11.762176513671875, 314.2915916442871, 296.7761764526367]
2026-04-02 20:27:46 | INFO    | STEP 03 | Proposed legend entries=12
2026-04-02 20:27:46 | INFO    | STEP 04 | Candidate swatch rectangles after dedupe=2503
2026-04-02 20:27:46 | WARNING | STEP 05 | No swatch matched for legend text: PROPOSED LOT
BOUNDARY
2026-04-02 20:27:46 | WARNING | STEP 05 | No swatch matched for legend text: PROPOSED CONTOUR
MINOR
2026-04-02 20:27:46 | WARNING | STEP 05 | No swatch matched for legend text: PROPOSED CONTOUR
MAJOR
2026-04-02 20:27:46 | WARNING | STEP 05 | No swatch matched for legend text: PROPOSED STORMWATER
PIPE
2026-04-02 20:27:46 | WARNING | STEP 05 | No swatch matched for legend text: PROPOSED STORMWATER
MANHOLE
2026-04-02 20:27:46 | WARNING | STEP 05 | No swatch matched for legend text: PROPOSED STORMWATER
CATCHPIT
2026-04-02 20:27:46 | WARNING | STEP 05 | No swatch matched for legend text: PROPOSED STORMWATER
OUTFALL
2026-04-02 20:27:46 | INFO    | STEP 05 | Matched 'PROPOSED ROCKLINED
DRAIN' -> fill=#A5527C stroke=None bbox=[36.2400016784668, 105.47958374023438, 76.55999755859375, 109.4395751953125]
2026-04-02 20:27:46 | WARNING | STEP 05 | No swatch matched for legend text: PROPOSED FLOW
PATH
2026-04-02 20:27:46 | INFO    | STEP 05 | Matched 'PROPOSED SEAL' -> fill=#5C5C5C stroke=None bbox=[36.720001220703125, 123.35958862304688, 76.55999755859375, 127.319580078125]
2026-04-02 20:27:46 | INFO    | STEP 05 | Matched 'PROPOSED JOAL' -> fill=#ADADAD stroke=None bbox=[36.720001220703125, 129.35958862304688, 76.55999755859375, 133.319580078125]
2026-04-02 20:27:46 | INFO    | STEP 05 | Matched 'PROPOSED FOOTPATH' -> fill=#CCCCCC stroke=None bbox=[36.720001220703125, 135.35958862304688, 76.55999755859375, 139.319580078125]
2026-04-02 20:27:46 | INFO    | STEP 06 | Counting page-wide drawing objects by extracted legend colors
2026-04-02 20:27:46 | INFO    | STEP 07 | Rendering legend annotation image
2026-04-02 20:27:47 | INFO    | STEP 07A | Rendering target magenta highlight images
2026-04-02 20:27:47 | INFO    | STEP 07A | Saved page_legend_highlight_proposed_footpath.png (matched=712 kept=712 skipped_large=0 max_area=10023.13)
2026-04-02 20:27:47 | INFO    | STEP 07A | Saved page_legend_highlight_proposed_joal.png (matched=192 kept=168 skipped_large=24 max_area=10023.13)
2026-04-02 20:27:47 | INFO    | STEP 07A | Saved page_legend_highlight_proposed_seal.png (matched=1 kept=1 skipped_large=0 max_area=10023.13)
2026-04-02 20:27:47 | INFO    | STEP 08 | Done
2026-04-02 20:27:47 | INFO    | STEP 08 | JSON: outputs\legend_colors\legend_colors.json
2026-04-02 20:27:47 | INFO    | STEP 08 | LOG: outputs\legend_colors\run.log
2026-04-02 20:35:32 | INFO    | STEP 01 | Start legend color extraction
2026-04-02 20:35:32 | INFO    | STEP 01 | PDF: examples\Joal 502.pdf
2026-04-02 20:35:32 | INFO    | STEP 01 | Outdir: outputs\legend_colors
2026-04-02 20:35:33 | INFO    | STEP 02 | Page=1 lines=262 drawings=5870
2026-04-02 20:35:33 | INFO    | STEP 03 | Legend region bbox=[16.241191864013672, 11.762176513671875, 314.2915916442871, 296.7761764526367]
2026-04-02 20:35:33 | INFO    | STEP 03 | Proposed legend entries=12
2026-04-02 20:35:33 | INFO    | STEP 04 | Candidate swatch rectangles after dedupe=2503
2026-04-02 20:35:33 | WARNING | STEP 05 | No swatch matched for legend text: PROPOSED LOT
BOUNDARY
2026-04-02 20:35:33 | WARNING | STEP 05 | No swatch matched for legend text: PROPOSED CONTOUR
MINOR
2026-04-02 20:35:33 | WARNING | STEP 05 | No swatch matched for legend text: PROPOSED CONTOUR
MAJOR
2026-04-02 20:35:33 | WARNING | STEP 05 | No swatch matched for legend text: PROPOSED STORMWATER
PIPE
2026-04-02 20:35:33 | WARNING | STEP 05 | No swatch matched for legend text: PROPOSED STORMWATER
MANHOLE
2026-04-02 20:35:33 | WARNING | STEP 05 | No swatch matched for legend text: PROPOSED STORMWATER
CATCHPIT
2026-04-02 20:35:33 | WARNING | STEP 05 | No swatch matched for legend text: PROPOSED STORMWATER
OUTFALL
2026-04-02 20:35:33 | INFO    | STEP 05 | Matched 'PROPOSED ROCKLINED
DRAIN' -> fill=#A5527C stroke=None bbox=[36.2400016784668, 105.47958374023438, 76.55999755859375, 109.4395751953125]
2026-04-02 20:35:33 | WARNING | STEP 05 | No swatch matched for legend text: PROPOSED FLOW
PATH
2026-04-02 20:35:33 | INFO    | STEP 05 | Matched 'PROPOSED SEAL' -> fill=#5C5C5C stroke=None bbox=[36.720001220703125, 123.35958862304688, 76.55999755859375, 127.319580078125]
2026-04-02 20:35:33 | INFO    | STEP 05 | Matched 'PROPOSED JOAL' -> fill=#ADADAD stroke=None bbox=[36.720001220703125, 129.35958862304688, 76.55999755859375, 133.319580078125]
2026-04-02 20:35:33 | INFO    | STEP 05 | Matched 'PROPOSED FOOTPATH' -> fill=#CCCCCC stroke=None bbox=[36.720001220703125, 135.35958862304688, 76.55999755859375, 139.319580078125]
2026-04-02 20:35:33 | INFO    | STEP 06 | Counting page-wide drawing objects by extracted legend colors
2026-04-02 20:35:33 | INFO    | STEP 07 | Rendering legend annotation image
2026-04-02 20:35:33 | INFO    | STEP 07A | Rendering target magenta highlight images
2026-04-02 20:35:34 | INFO    | STEP 07A | Saved page_legend_highlight_proposed_footpath.png and page_legend_regions_proposed_footpath.png (matched=712 kept=712 skipped_large=0 clusters=2 kept_clusters=1)
2026-04-02 20:35:34 | INFO    | STEP 07A | Saved page_legend_highlight_proposed_joal.png and page_legend_regions_proposed_joal.png (matched=192 kept=168 skipped_large=24 clusters=3 kept_clusters=2)
2026-04-02 20:35:34 | INFO    | STEP 07A | Saved page_legend_highlight_proposed_seal.png and page_legend_regions_proposed_seal.png (matched=1 kept=1 skipped_large=0 clusters=1 kept_clusters=0)
2026-04-02 20:35:34 | INFO    | STEP 08 | Done
2026-04-02 20:35:34 | INFO    | STEP 08 | JSON: outputs\legend_colors\legend_colors.json
2026-04-02 20:35:34 | INFO    | STEP 08 | LOG: outputs\legend_colors\run.log
2026-04-02 20:35:39 | INFO    | STEP 01 | Start legend color extraction
2026-04-02 20:35:39 | INFO    | STEP 01 | PDF: examples\Joal 502.pdf
2026-04-02 20:35:39 | INFO    | STEP 01 | Outdir: outputs\legend_colors
2026-04-02 20:35:39 | INFO    | STEP 02 | Page=1 lines=262 drawings=5870
2026-04-02 20:35:39 | INFO    | STEP 03 | Legend region bbox=[16.241191864013672, 11.762176513671875, 314.2915916442871, 296.7761764526367]
2026-04-02 20:35:39 | INFO    | STEP 03 | Proposed legend entries=12
2026-04-02 20:35:39 | INFO    | STEP 04 | Candidate swatch rectangles after dedupe=2503
2026-04-02 20:35:39 | WARNING | STEP 05 | No swatch matched for legend text: PROPOSED LOT
BOUNDARY
2026-04-02 20:35:39 | WARNING | STEP 05 | No swatch matched for legend text: PROPOSED CONTOUR
MINOR
2026-04-02 20:35:39 | WARNING | STEP 05 | No swatch matched for legend text: PROPOSED CONTOUR
MAJOR
2026-04-02 20:35:39 | WARNING | STEP 05 | No swatch matched for legend text: PROPOSED STORMWATER
PIPE
2026-04-02 20:35:39 | WARNING | STEP 05 | No swatch matched for legend text: PROPOSED STORMWATER
MANHOLE
2026-04-02 20:35:39 | WARNING | STEP 05 | No swatch matched for legend text: PROPOSED STORMWATER
CATCHPIT
2026-04-02 20:35:39 | WARNING | STEP 05 | No swatch matched for legend text: PROPOSED STORMWATER
OUTFALL
2026-04-02 20:35:39 | INFO    | STEP 05 | Matched 'PROPOSED ROCKLINED
DRAIN' -> fill=#A5527C stroke=None bbox=[36.2400016784668, 105.47958374023438, 76.55999755859375, 109.4395751953125]
2026-04-02 20:35:39 | WARNING | STEP 05 | No swatch matched for legend text: PROPOSED FLOW
PATH
2026-04-02 20:35:39 | INFO    | STEP 05 | Matched 'PROPOSED SEAL' -> fill=#5C5C5C stroke=None bbox=[36.720001220703125, 123.35958862304688, 76.55999755859375, 127.319580078125]
2026-04-02 20:35:39 | INFO    | STEP 05 | Matched 'PROPOSED JOAL' -> fill=#ADADAD stroke=None bbox=[36.720001220703125, 129.35958862304688, 76.55999755859375, 133.319580078125]
2026-04-02 20:35:39 | INFO    | STEP 05 | Matched 'PROPOSED FOOTPATH' -> fill=#CCCCCC stroke=None bbox=[36.720001220703125, 135.35958862304688, 76.55999755859375, 139.319580078125]
2026-04-02 20:35:39 | INFO    | STEP 06 | Counting page-wide drawing objects by extracted legend colors
2026-04-02 20:35:39 | INFO    | STEP 07 | Rendering legend annotation image
2026-04-02 20:35:39 | INFO    | STEP 07A | Rendering target magenta highlight images
2026-04-02 20:35:40 | INFO    | STEP 07A | Saved page_legend_highlight_proposed_footpath.png and page_legend_regions_proposed_footpath.png (matched=712 kept=712 skipped_large=0 clusters=2 kept_clusters=1)
2026-04-02 20:35:40 | INFO    | STEP 07A | Saved page_legend_highlight_proposed_joal.png and page_legend_regions_proposed_joal.png (matched=192 kept=168 skipped_large=24 clusters=3 kept_clusters=2)
2026-04-02 20:35:40 | INFO    | STEP 07A | Saved page_legend_highlight_proposed_seal.png and page_legend_regions_proposed_seal.png (matched=1 kept=1 skipped_large=0 clusters=1 kept_clusters=0)
2026-04-02 20:35:40 | INFO    | STEP 08 | Done
2026-04-02 20:35:40 | INFO    | STEP 08 | JSON: outputs\legend_colors\legend_colors.json
2026-04-02 20:35:40 | INFO    | STEP 08 | LOG: outputs\legend_colors\run.log
